<?xml version="1.0" encoding="UTF-8"?>
<testng-results skipped="0" failed="0" ignored="0" total="1" passed="1">
  <reporter-output>
    <line>
      <![CDATA[hiiiiiiiii]]>
    </line>
  </reporter-output>
  <suite name="Suite" duration-ms="36" started-at="2017-05-07T17:43:45Z" finished-at="2017-05-07T17:43:45Z">
    <groups>
    </groups>
    <test name="Test" duration-ms="36" started-at="2017-05-07T17:43:45Z" finished-at="2017-05-07T17:43:45Z">
      <class name="qsp.Demo">
        <test-method status="PASS" signature="test()[pri:0, instance:qsp.Demo@3cda1055]" name="test" duration-ms="0" started-at="2017-05-07T23:13:45Z" finished-at="2017-05-07T23:13:45Z">
          <reporter-output>
            <line>
              <![CDATA[hiiiiiiiii]]>
            </line>
          </reporter-output>
        </test-method> <!-- test -->
      </class> <!-- qsp.Demo -->
    </test> <!-- Test -->
  </suite> <!-- Suite -->
</testng-results>
